[2018-05-12 04:10:36,168] [INFO] [6733] [139765027829504] [idf_computer.py] [<module>] [182] <file w2v_0_20000_30000.txt loaded>
[2018-05-12 04:10:36,250] [INFO] [6733] [139765027829504] [idf_computer.py] [<module>] [182] <file w2v_0_100000_110000.txt loaded>
[2018-05-12 04:10:36,338] [INFO] [6733] [139765027829504] [idf_computer.py] [<module>] [182] <1 files loaded, now load base info>
[2018-05-12 04:10:36,836] [INFO] [6733] [139765027829504] [idf_computer.py] [process_batch] [148] <You played 18758 times, survive 18758 times,             poisoned 0 times, died 0 times.
                 survival rate: 1.0, poison rate: 0.0, death rate: 0.0.>
[2018-05-12 04:10:36,844] [INFO] [6733] [139765027829504] [idf_computer.py] [<module>] [182] <file w2v_0_150000_160000.txt loaded>
[2018-05-12 04:10:36,974] [INFO] [6733] [139765027829504] [idf_computer.py] [<module>] [182] <file w2v_0_10000_20000.txt loaded>
[2018-05-12 04:10:37,047] [INFO] [6733] [139765027829504] [idf_computer.py] [<module>] [182] <1 files loaded, now load base info>
[2018-05-12 04:10:37,544] [INFO] [6733] [139765027829504] [idf_computer.py] [process_batch] [148] <You played 18815 times, survive 18815 times,             poisoned 0 times, died 0 times.
                 survival rate: 1.0, poison rate: 0.0, death rate: 0.0.>
[2018-05-12 04:10:37,556] [INFO] [6733] [139765027829504] [idf_computer.py] [<module>] [182] <file w2v_0_70000_80000.txt loaded>
[2018-05-12 04:10:37,662] [INFO] [6733] [139765027829504] [idf_computer.py] [<module>] [182] <file w2v_0_120000_130000.txt loaded>
[2018-05-12 04:10:37,742] [INFO] [6733] [139765027829504] [idf_computer.py] [<module>] [182] <1 files loaded, now load base info>
[2018-05-12 04:10:38,238] [INFO] [6733] [139765027829504] [idf_computer.py] [process_batch] [148] <You played 18884 times, survive 18884 times,             poisoned 0 times, died 0 times.
                 survival rate: 1.0, poison rate: 0.0, death rate: 0.0.>
[2018-05-12 04:10:38,246] [INFO] [6733] [139765027829504] [idf_computer.py] [<module>] [182] <file w2v_0_80000_90000.txt loaded>
[2018-05-12 04:10:38,331] [INFO] [6733] [139765027829504] [idf_computer.py] [<module>] [182] <file w2v_0_40000_50000.txt loaded>
[2018-05-12 04:10:38,406] [INFO] [6733] [139765027829504] [idf_computer.py] [<module>] [182] <1 files loaded, now load base info>
[2018-05-12 04:10:38,902] [INFO] [6733] [139765027829504] [idf_computer.py] [process_batch] [148] <You played 18844 times, survive 18844 times,             poisoned 0 times, died 0 times.
                 survival rate: 1.0, poison rate: 0.0, death rate: 0.0.>
[2018-05-12 04:10:38,911] [INFO] [6733] [139765027829504] [idf_computer.py] [<module>] [182] <file w2v_0_140000_150000.txt loaded>
[2018-05-12 04:10:38,998] [INFO] [6733] [139765027829504] [idf_computer.py] [<module>] [182] <file w2v_0_170000_180000.txt loaded>
[2018-05-12 04:10:39,073] [INFO] [6733] [139765027829504] [idf_computer.py] [<module>] [182] <1 files loaded, now load base info>
[2018-05-12 04:10:39,574] [INFO] [6733] [139765027829504] [idf_computer.py] [process_batch] [148] <You played 18435 times, survive 18435 times,             poisoned 0 times, died 0 times.
                 survival rate: 1.0, poison rate: 0.0, death rate: 0.0.>
[2018-05-12 04:10:39,584] [INFO] [6733] [139765027829504] [idf_computer.py] [<module>] [182] <file w2v_0_130000_140000.txt loaded>
[2018-05-12 04:10:39,669] [INFO] [6733] [139765027829504] [idf_computer.py] [<module>] [182] <file w2v_0_110000_120000.txt loaded>
[2018-05-12 04:10:39,748] [INFO] [6733] [139765027829504] [idf_computer.py] [<module>] [182] <1 files loaded, now load base info>
[2018-05-12 04:10:40,242] [INFO] [6733] [139765027829504] [idf_computer.py] [process_batch] [148] <You played 19243 times, survive 19243 times,             poisoned 0 times, died 0 times.
                 survival rate: 1.0, poison rate: 0.0, death rate: 0.0.>
[2018-05-12 04:10:40,251] [INFO] [6733] [139765027829504] [idf_computer.py] [<module>] [182] <file w2v_0_90000_100000.txt loaded>
[2018-05-12 04:10:40,391] [INFO] [6733] [139765027829504] [idf_computer.py] [<module>] [182] <file w2v_0_160000_170000.txt loaded>
[2018-05-12 04:10:40,471] [INFO] [6733] [139765027829504] [idf_computer.py] [<module>] [182] <1 files loaded, now load base info>
[2018-05-12 04:10:40,994] [INFO] [6733] [139765027829504] [idf_computer.py] [process_batch] [148] <You played 18749 times, survive 18749 times,             poisoned 0 times, died 0 times.
                 survival rate: 1.0, poison rate: 0.0, death rate: 0.0.>
[2018-05-12 04:10:41,004] [INFO] [6733] [139765027829504] [idf_computer.py] [<module>] [182] <file w2v_0_60000_70000.txt loaded>
[2018-05-12 04:10:41,089] [INFO] [6733] [139765027829504] [idf_computer.py] [<module>] [182] <file w2v_0_180000_190000.txt loaded>
[2018-05-12 04:10:41,103] [INFO] [6733] [139765027829504] [idf_computer.py] [<module>] [182] <1 files loaded, now load base info>
[2018-05-12 04:10:41,391] [INFO] [6733] [139765027829504] [idf_computer.py] [process_batch] [148] <You played 11441 times, survive 11441 times,             poisoned 0 times, died 0 times.
                 survival rate: 1.0, poison rate: 0.0, death rate: 0.0.>
[2018-05-12 04:10:41,400] [INFO] [6733] [139765027829504] [idf_computer.py] [<module>] [182] <file w2v_0_30000_40000.txt loaded>
[2018-05-12 04:10:41,478] [INFO] [6733] [139765027829504] [idf_computer.py] [<module>] [182] <file w2v_0_0_10000.txt loaded>
[2018-05-12 04:10:41,551] [INFO] [6733] [139765027829504] [idf_computer.py] [<module>] [182] <1 files loaded, now load base info>
[2018-05-12 04:10:42,054] [INFO] [6733] [139765027829504] [idf_computer.py] [process_batch] [148] <You played 18934 times, survive 18934 times,             poisoned 0 times, died 0 times.
                 survival rate: 1.0, poison rate: 0.0, death rate: 0.0.>
[2018-05-12 04:10:42,063] [INFO] [6733] [139765027829504] [idf_computer.py] [<module>] [182] <file w2v_0_50000_60000.txt loaded>
[2018-05-12 04:10:42,150] [INFO] [6733] [139765027829504] [idf_computer.py] [<module>] [182] <here is the last shipment>
[2018-05-12 04:10:42,398] [INFO] [6733] [139765027829504] [idf_computer.py] [process_batch] [148] <You played 9541 times, survive 9541 times,             poisoned 0 times, died 0 times.
                 survival rate: 1.0, poison rate: 0.0, death rate: 0.0.>
